<?xml version="1.0" encoding="UTF-8"?>
<!-- Generated by org.testng.reporters.JUnitReportReporter -->
<testsuite hostname="DESKTOP-5HBRUB1" failures="0" tests="3" name="DataProvider" time="16.104" errors="0" timestamp="2021-04-20T14:26:54 IST" skipped="0">
  <testcase classname="DataProvider" name="login" time="5.916"/>
  <system-out/>
  <testcase classname="DataProvider" name="login" time="4.798"/>
  <system-out/>
  <testcase classname="DataProvider" name="login" time="5.390"/>
  <system-out/>
</testsuite> <!-- DataProvider -->
